
Due to MODULEPATH changes, the following have been reloaded:
  1) openmpi/3.1.2

Using TensorFlow backend.
WARNING: Logging before flag parsing goes to stderr.
W0103 13:43:07.944919 47895442764672 deprecation.py:506] From /lustre04/scratch/wtaylor/tf1env/lib/python3.7/site-packages/tensorflow_core/python/ops/resource_variable_ops.py:1630: calling BaseResourceVariable.__init__ (from tensorflow.python.ops.resource_variable_ops) with constraint is deprecated and will be removed in a future version.
Instructions for updating:
If using Keras pass *_constraint arguments to layers.
2021-01-03 13:44:05.592064: I tensorflow/stream_executor/platform/default/dso_loader.cc:44] Successfully opened dynamic library libcuda.so.1
2021-01-03 13:44:05.880518: I tensorflow/core/common_runtime/gpu/gpu_device.cc:1618] Found device 0 with properties: 
name: Tesla V100-SXM2-16GB major: 7 minor: 0 memoryClockRate(GHz): 1.53
pciBusID: 0000:1a:00.0
2021-01-03 13:44:05.881861: I tensorflow/stream_executor/platform/default/dso_loader.cc:44] Successfully opened dynamic library libcudart.so.10.0
2021-01-03 13:44:05.893930: I tensorflow/stream_executor/platform/default/dso_loader.cc:44] Successfully opened dynamic library libcublas.so.10.0
2021-01-03 13:44:05.898517: I tensorflow/stream_executor/platform/default/dso_loader.cc:44] Successfully opened dynamic library libcufft.so.10.0
2021-01-03 13:44:05.900548: I tensorflow/stream_executor/platform/default/dso_loader.cc:44] Successfully opened dynamic library libcurand.so.10.0
2021-01-03 13:44:05.909187: I tensorflow/stream_executor/platform/default/dso_loader.cc:44] Successfully opened dynamic library libcusolver.so.10.0
2021-01-03 13:44:05.915008: I tensorflow/stream_executor/platform/default/dso_loader.cc:44] Successfully opened dynamic library libcusparse.so.10.0
2021-01-03 13:44:05.933614: I tensorflow/stream_executor/platform/default/dso_loader.cc:44] Successfully opened dynamic library libcudnn.so.7
2021-01-03 13:44:05.937095: I tensorflow/core/common_runtime/gpu/gpu_device.cc:1746] Adding visible gpu devices: 0
2021-01-03 13:44:05.937790: I tensorflow/core/platform/cpu_feature_guard.cc:142] Your CPU supports instructions that this TensorFlow binary was not compiled to use: AVX2 AVX512F FMA
2021-01-03 13:44:06.282871: I tensorflow/core/platform/profile_utils/cpu_utils.cc:94] CPU Frequency: 2400000000 Hz
2021-01-03 13:44:06.284474: I tensorflow/compiler/xla/service/service.cc:168] XLA service 0x6ae2fa0 initialized for platform Host (this does not guarantee that XLA will be used). Devices:
2021-01-03 13:44:06.284513: I tensorflow/compiler/xla/service/service.cc:176]   StreamExecutor device (0): Host, Default Version
2021-01-03 13:44:06.476945: I tensorflow/compiler/xla/service/service.cc:168] XLA service 0x6ae56f0 initialized for platform CUDA (this does not guarantee that XLA will be used). Devices:
2021-01-03 13:44:06.476997: I tensorflow/compiler/xla/service/service.cc:176]   StreamExecutor device (0): Tesla V100-SXM2-16GB, Compute Capability 7.0
2021-01-03 13:44:06.480301: I tensorflow/core/common_runtime/gpu/gpu_device.cc:1618] Found device 0 with properties: 
name: Tesla V100-SXM2-16GB major: 7 minor: 0 memoryClockRate(GHz): 1.53
pciBusID: 0000:1a:00.0
2021-01-03 13:44:06.480362: I tensorflow/stream_executor/platform/default/dso_loader.cc:44] Successfully opened dynamic library libcudart.so.10.0
2021-01-03 13:44:06.480380: I tensorflow/stream_executor/platform/default/dso_loader.cc:44] Successfully opened dynamic library libcublas.so.10.0
2021-01-03 13:44:06.480395: I tensorflow/stream_executor/platform/default/dso_loader.cc:44] Successfully opened dynamic library libcufft.so.10.0
2021-01-03 13:44:06.480410: I tensorflow/stream_executor/platform/default/dso_loader.cc:44] Successfully opened dynamic library libcurand.so.10.0
2021-01-03 13:44:06.480425: I tensorflow/stream_executor/platform/default/dso_loader.cc:44] Successfully opened dynamic library libcusolver.so.10.0
2021-01-03 13:44:06.480439: I tensorflow/stream_executor/platform/default/dso_loader.cc:44] Successfully opened dynamic library libcusparse.so.10.0
2021-01-03 13:44:06.480470: I tensorflow/stream_executor/platform/default/dso_loader.cc:44] Successfully opened dynamic library libcudnn.so.7
2021-01-03 13:44:06.482050: I tensorflow/core/common_runtime/gpu/gpu_device.cc:1746] Adding visible gpu devices: 0
2021-01-03 13:44:06.624490: I tensorflow/stream_executor/platform/default/dso_loader.cc:44] Successfully opened dynamic library libcudart.so.10.0
2021-01-03 13:44:06.627765: I tensorflow/core/common_runtime/gpu/gpu_device.cc:1159] Device interconnect StreamExecutor with strength 1 edge matrix:
2021-01-03 13:44:06.627789: I tensorflow/core/common_runtime/gpu/gpu_device.cc:1165]      0 
2021-01-03 13:44:06.627804: I tensorflow/core/common_runtime/gpu/gpu_device.cc:1178] 0:   N 
2021-01-03 13:44:06.637551: I tensorflow/core/common_runtime/gpu/gpu_device.cc:1304] Created TensorFlow device (/job:localhost/replica:0/task:0/device:GPU:0 with 15059 MB memory) -> physical GPU (device: 0, name: Tesla V100-SXM2-16GB, pci bus id: 0000:1a:00.0, compute capability: 7.0)
W0103 13:44:15.442146 47895442764672 module_wrapper.py:139] From /lustre04/scratch/wtaylor/tf1env/lib/python3.7/site-packages/keras/backend/tensorflow_backend.py:422: The name tf.global_variables is deprecated. Please use tf.compat.v1.global_variables instead.

W0103 13:44:15.442474 47895442764672 module_wrapper.py:139] From /lustre04/scratch/wtaylor/tf1env/lib/python3.7/site-packages/keras/backend/tensorflow_backend.py:431: The name tf.is_variable_initialized is deprecated. Please use tf.compat.v1.is_variable_initialized instead.

W0103 13:44:15.584610 47895442764672 module_wrapper.py:139] From /lustre04/scratch/wtaylor/tf1env/lib/python3.7/site-packages/keras/backend/tensorflow_backend.py:438: The name tf.variables_initializer is deprecated. Please use tf.compat.v1.variables_initializer instead.

W0103 13:44:15.990628 47895442764672 module_wrapper.py:139] From /lustre04/scratch/wtaylor/tf1env/lib/python3.7/site-packages/keras/callbacks/tensorboard_v1.py:200: The name tf.summary.merge_all is deprecated. Please use tf.compat.v1.summary.merge_all instead.

W0103 13:44:15.990850 47895442764672 module_wrapper.py:139] From /lustre04/scratch/wtaylor/tf1env/lib/python3.7/site-packages/keras/callbacks/tensorboard_v1.py:203: The name tf.summary.FileWriter is deprecated. Please use tf.compat.v1.summary.FileWriter instead.

2021-01-03 13:44:21.739749: I tensorflow/stream_executor/platform/default/dso_loader.cc:44] Successfully opened dynamic library libcublas.so.10.0
using rnn class <class 'rvpnn.layers.VanillaCell'>
Model: "model_1"
_________________________________________________________________
Layer (type)                 Output Shape              Param #   
=================================================================
input_1 (InputLayer)         (None, 784, 1)            0         
_________________________________________________________________
dropout_1 (Dropout)          (None, 784, 1)            0         
_________________________________________________________________
rnn_1 (RNN)                  (None, 512)               5632      
_________________________________________________________________
dense_1 (Dense)              (None, 10)                5130      
=================================================================
Total params: 10,762
Trainable params: 10,762
Non-trainable params: 0
_________________________________________________________________
Train on 60000 samples, validate on 10000 samples
Epoch 1/300
 - 56s - loss: 1.7090 - acc: 0.3743 - val_loss: 1.6958 - val_acc: 0.3533
W0103 13:45:17.110428 47895442764672 module_wrapper.py:139] From /lustre04/scratch/wtaylor/tf1env/lib/python3.7/site-packages/keras/callbacks/tensorboard_v1.py:343: The name tf.Summary is deprecated. Please use tf.compat.v1.Summary instead.

Epoch 2/300
 - 55s - loss: 1.0365 - acc: 0.6279 - val_loss: 0.7977 - val_acc: 0.7305
Epoch 3/300
 - 55s - loss: 0.8365 - acc: 0.7038 - val_loss: 0.6408 - val_acc: 0.7743
Epoch 4/300
 - 55s - loss: 0.7231 - acc: 0.7452 - val_loss: 0.5712 - val_acc: 0.8045
Epoch 5/300
 - 55s - loss: 0.6456 - acc: 0.7730 - val_loss: 0.5341 - val_acc: 0.8100
Epoch 6/300
 - 55s - loss: 0.5929 - acc: 0.7911 - val_loss: 0.3857 - val_acc: 0.8745
Epoch 7/300
 - 55s - loss: 0.5680 - acc: 0.8004 - val_loss: 0.3062 - val_acc: 0.8957
Epoch 8/300
 - 55s - loss: 0.5380 - acc: 0.8106 - val_loss: 0.2643 - val_acc: 0.9133
Epoch 9/300
 - 60s - loss: 0.5173 - acc: 0.8184 - val_loss: 0.2339 - val_acc: 0.9273
Epoch 10/300
 - 60s - loss: 0.4973 - acc: 0.8234 - val_loss: 0.4848 - val_acc: 0.8289
Epoch 11/300
 - 59s - loss: 0.4965 - acc: 0.8252 - val_loss: 0.4375 - val_acc: 0.8454
Epoch 12/300
 - 59s - loss: 0.4743 - acc: 0.8323 - val_loss: 0.3800 - val_acc: 0.8705
Epoch 13/300
 - 59s - loss: 0.4692 - acc: 0.8338 - val_loss: 0.3394 - val_acc: 0.8932
Epoch 14/300
 - 57s - loss: 0.4574 - acc: 0.8381 - val_loss: 0.2440 - val_acc: 0.9173
Epoch 15/300
 - 54s - loss: 0.4824 - acc: 0.8355 - val_loss: 0.3420 - val_acc: 0.8890
Epoch 16/300
 - 54s - loss: 0.4466 - acc: 0.8403 - val_loss: 0.1730 - val_acc: 0.9444
Epoch 17/300
 - 54s - loss: 0.4438 - acc: 0.8417 - val_loss: 0.2483 - val_acc: 0.9232
Epoch 18/300
 - 54s - loss: 0.4353 - acc: 0.8440 - val_loss: 0.1452 - val_acc: 0.9555
Epoch 19/300
 - 54s - loss: 0.4314 - acc: 0.8470 - val_loss: 0.5248 - val_acc: 0.8446
Epoch 20/300
 - 54s - loss: 0.4271 - acc: 0.8476 - val_loss: 0.2888 - val_acc: 0.9052
Epoch 21/300
 - 54s - loss: 0.4241 - acc: 0.8476 - val_loss: 0.1882 - val_acc: 0.9328
Epoch 22/300
 - 54s - loss: 0.4389 - acc: 0.8463 - val_loss: 0.1879 - val_acc: 0.9375
Epoch 23/300
 - 54s - loss: 0.4093 - acc: 0.8531 - val_loss: 0.2898 - val_acc: 0.9046
Epoch 24/300
 - 54s - loss: 0.4143 - acc: 0.8495 - val_loss: 0.4307 - val_acc: 0.8713
Epoch 25/300
 - 54s - loss: 0.4180 - acc: 0.8509 - val_loss: 0.2281 - val_acc: 0.9306
Epoch 26/300
 - 54s - loss: 0.4047 - acc: 0.8539 - val_loss: 0.2423 - val_acc: 0.9177
Epoch 27/300
 - 54s - loss: 0.4055 - acc: 0.8551 - val_loss: 0.3628 - val_acc: 0.8807
Epoch 28/300
 - 54s - loss: 0.4084 - acc: 0.8546 - val_loss: 0.1810 - val_acc: 0.9413
Epoch 29/300
 - 54s - loss: 0.4246 - acc: 0.8546 - val_loss: 0.2254 - val_acc: 0.9259
Epoch 30/300
 - 54s - loss: 0.4023 - acc: 0.8549 - val_loss: 0.4744 - val_acc: 0.8481
Epoch 31/300
 - 56s - loss: 0.4059 - acc: 0.8533 - val_loss: 0.2135 - val_acc: 0.9298
Epoch 32/300
 - 59s - loss: 0.4037 - acc: 0.8569 - val_loss: 0.4724 - val_acc: 0.8497
Epoch 33/300
 - 59s - loss: 0.3957 - acc: 0.8562 - val_loss: 0.3658 - val_acc: 0.8832
Epoch 34/300
 - 59s - loss: 0.4000 - acc: 0.8574 - val_loss: 0.1574 - val_acc: 0.9489
Epoch 35/300
 - 59s - loss: 0.3948 - acc: 0.8592 - val_loss: 0.2221 - val_acc: 0.9280
Epoch 36/300
 - 58s - loss: 0.3868 - acc: 0.8586 - val_loss: 0.1409 - val_acc: 0.9548
Epoch 37/300
 - 54s - loss: 0.4000 - acc: 0.8574 - val_loss: 0.1378 - val_acc: 0.9579
Epoch 38/300
 - 54s - loss: 0.3893 - acc: 0.8595 - val_loss: 0.1699 - val_acc: 0.9435
Epoch 39/300
 - 54s - loss: 0.3912 - acc: 0.8581 - val_loss: 0.1379 - val_acc: 0.9556
Epoch 40/300
 - 54s - loss: 0.3830 - acc: 0.8609 - val_loss: 0.2362 - val_acc: 0.9238
Epoch 41/300
 - 54s - loss: 0.3963 - acc: 0.8590 - val_loss: 0.1701 - val_acc: 0.9438
Epoch 42/300
 - 54s - loss: 0.3923 - acc: 0.8593 - val_loss: 0.2426 - val_acc: 0.9212
Epoch 43/300
 - 54s - loss: 0.3791 - acc: 0.8615 - val_loss: 0.1477 - val_acc: 0.9519
Epoch 44/300
 - 54s - loss: 0.3850 - acc: 0.8608 - val_loss: 0.2151 - val_acc: 0.9301
Epoch 45/300
 - 54s - loss: 0.3823 - acc: 0.8616 - val_loss: 0.2673 - val_acc: 0.9165
Epoch 46/300
 - 54s - loss: 0.3934 - acc: 0.8574 - val_loss: 0.1612 - val_acc: 0.9496
Epoch 47/300
 - 54s - loss: 0.3747 - acc: 0.8638 - val_loss: 0.3186 - val_acc: 0.8928
Epoch 48/300
 - 54s - loss: 0.3794 - acc: 0.8627 - val_loss: 0.1928 - val_acc: 0.9368
Epoch 49/300
 - 54s - loss: 0.3761 - acc: 0.8625 - val_loss: 0.3499 - val_acc: 0.8798
Epoch 50/300
 - 54s - loss: 0.3751 - acc: 0.8640 - val_loss: 0.2936 - val_acc: 0.9004
Epoch 51/300
 - 54s - loss: 0.3739 - acc: 0.8651 - val_loss: 0.4132 - val_acc: 0.8767
Epoch 52/300
 - 54s - loss: 0.3729 - acc: 0.8648 - val_loss: 0.1605 - val_acc: 0.9472
Epoch 53/300
 - 54s - loss: 0.3721 - acc: 0.8647 - val_loss: 0.2194 - val_acc: 0.9298
Epoch 54/300
 - 57s - loss: 0.3839 - acc: 0.8614 - val_loss: 0.4153 - val_acc: 0.8648
Epoch 55/300
 - 59s - loss: 0.3688 - acc: 0.8650 - val_loss: 0.1842 - val_acc: 0.9378
Epoch 56/300
 - 59s - loss: 0.3739 - acc: 0.8649 - val_loss: 0.2806 - val_acc: 0.9071
Epoch 57/300
 - 59s - loss: 0.3854 - acc: 0.8634 - val_loss: 0.2515 - val_acc: 0.9168
Epoch 58/300
 - 59s - loss: 0.3766 - acc: 0.8655 - val_loss: 0.1924 - val_acc: 0.9358
Epoch 59/300
 - 58s - loss: 0.3741 - acc: 0.8640 - val_loss: 0.1732 - val_acc: 0.9405
Epoch 60/300
 - 54s - loss: 0.3679 - acc: 0.8668 - val_loss: 0.2091 - val_acc: 0.9340
Epoch 61/300
 - 52s - loss: 0.3733 - acc: 0.8649 - val_loss: 0.2638 - val_acc: 0.9099
Epoch 62/300
 - 51s - loss: 0.3777 - acc: 0.8657 - val_loss: 0.1745 - val_acc: 0.9490
Epoch 63/300
 - 51s - loss: 0.3778 - acc: 0.8646 - val_loss: 0.4756 - val_acc: 0.8409
Epoch 64/300
 - 51s - loss: 0.3679 - acc: 0.8667 - val_loss: 0.1118 - val_acc: 0.9637
Epoch 65/300
 - 51s - loss: 0.3675 - acc: 0.8670 - val_loss: 0.0982 - val_acc: 0.9678
Epoch 66/300
 - 51s - loss: 0.3639 - acc: 0.8674 - val_loss: 0.3627 - val_acc: 0.8850
Epoch 67/300
 - 52s - loss: 0.3713 - acc: 0.8665 - val_loss: 0.3226 - val_acc: 0.8919
Epoch 68/300
 - 51s - loss: 0.3613 - acc: 0.8691 - val_loss: 0.1688 - val_acc: 0.9464
Epoch 69/300
 - 51s - loss: 0.3650 - acc: 0.8677 - val_loss: 0.2655 - val_acc: 0.9123
Epoch 70/300
 - 51s - loss: 0.3642 - acc: 0.8692 - val_loss: 0.2411 - val_acc: 0.9164
Epoch 71/300
 - 51s - loss: 0.3656 - acc: 0.8674 - val_loss: 0.3711 - val_acc: 0.8855
Epoch 72/300
 - 51s - loss: 0.3636 - acc: 0.8683 - val_loss: 0.2449 - val_acc: 0.9163
Epoch 73/300
 - 51s - loss: 0.3653 - acc: 0.8669 - val_loss: 0.1266 - val_acc: 0.9582
Epoch 74/300
 - 51s - loss: 0.3611 - acc: 0.8692 - val_loss: 0.1013 - val_acc: 0.9660
Epoch 75/300
 - 51s - loss: 0.3651 - acc: 0.8677 - val_loss: 0.2745 - val_acc: 0.9107
Epoch 76/300
 - 51s - loss: 0.3638 - acc: 0.8676 - val_loss: 0.2740 - val_acc: 0.9113
Epoch 77/300
 - 51s - loss: 0.3606 - acc: 0.8681 - val_loss: 0.1872 - val_acc: 0.9439
Epoch 78/300
 - 52s - loss: 0.3653 - acc: 0.8675 - val_loss: 0.1274 - val_acc: 0.9576
Epoch 79/300
 - 51s - loss: 0.3703 - acc: 0.8670 - val_loss: 0.1094 - val_acc: 0.9665
Epoch 80/300
 - 51s - loss: 0.3955 - acc: 0.8640 - val_loss: 0.6631 - val_acc: 0.7741
Epoch 81/300
 - 52s - loss: 0.3607 - acc: 0.8694 - val_loss: 0.1638 - val_acc: 0.9441
Epoch 82/300
 - 51s - loss: 0.3657 - acc: 0.8669 - val_loss: 0.1879 - val_acc: 0.9362
Epoch 83/300
 - 51s - loss: 0.3559 - acc: 0.8701 - val_loss: 0.1262 - val_acc: 0.9589
Epoch 84/300
 - 51s - loss: 0.3584 - acc: 0.8694 - val_loss: 0.1491 - val_acc: 0.9499
Epoch 85/300
 - 52s - loss: 0.3582 - acc: 0.8702 - val_loss: 0.0909 - val_acc: 0.9692
Epoch 86/300
 - 51s - loss: 0.3642 - acc: 0.8697 - val_loss: 0.1619 - val_acc: 0.9446
Epoch 87/300
 - 51s - loss: 0.3630 - acc: 0.8675 - val_loss: 0.1140 - val_acc: 0.9626
Epoch 88/300
 - 51s - loss: 0.3548 - acc: 0.8715 - val_loss: 0.1345 - val_acc: 0.9547
Epoch 89/300
 - 51s - loss: 0.3642 - acc: 0.8685 - val_loss: 0.1117 - val_acc: 0.9633
Epoch 90/300
 - 51s - loss: 0.3569 - acc: 0.8705 - val_loss: 0.3657 - val_acc: 0.8958
Epoch 91/300
 - 51s - loss: 0.3551 - acc: 0.8701 - val_loss: 0.4145 - val_acc: 0.8674
Epoch 92/300
 - 52s - loss: 0.3601 - acc: 0.8692 - val_loss: 0.3210 - val_acc: 0.8990
Epoch 93/300
 - 51s - loss: 0.3565 - acc: 0.8700 - val_loss: 0.1914 - val_acc: 0.9308
Epoch 94/300
 - 51s - loss: 0.3526 - acc: 0.8704 - val_loss: 0.3084 - val_acc: 0.8937
Epoch 95/300
 - 51s - loss: 0.3586 - acc: 0.8689 - val_loss: 0.1093 - val_acc: 0.9664
Epoch 96/300
 - 51s - loss: 0.3552 - acc: 0.8711 - val_loss: 0.5162 - val_acc: 0.8383
Epoch 97/300
 - 52s - loss: 0.3520 - acc: 0.8706 - val_loss: 0.2164 - val_acc: 0.9300
Epoch 98/300
 - 51s - loss: 0.3583 - acc: 0.8708 - val_loss: 0.1532 - val_acc: 0.9495
Epoch 99/300
 - 51s - loss: 0.3518 - acc: 0.8723 - val_loss: 0.1487 - val_acc: 0.9512
Epoch 100/300
 - 51s - loss: 0.2987 - acc: 0.8886 - val_loss: 0.0996 - val_acc: 0.9672
Epoch 101/300
 - 51s - loss: 0.3015 - acc: 0.8871 - val_loss: 0.1258 - val_acc: 0.9581
Epoch 102/300
 - 51s - loss: 0.2960 - acc: 0.8895 - val_loss: 0.0998 - val_acc: 0.9686
Epoch 103/300
 - 51s - loss: 0.2961 - acc: 0.8891 - val_loss: 0.1638 - val_acc: 0.9492
Epoch 104/300
 - 51s - loss: 0.2996 - acc: 0.8882 - val_loss: 0.1480 - val_acc: 0.9494
Epoch 105/300
 - 51s - loss: 0.2961 - acc: 0.8893 - val_loss: 0.1310 - val_acc: 0.9580
Epoch 106/300
 - 51s - loss: 0.2918 - acc: 0.8907 - val_loss: 0.0681 - val_acc: 0.9777
Epoch 107/300
 - 51s - loss: 0.2934 - acc: 0.8905 - val_loss: 0.1890 - val_acc: 0.9392
Epoch 108/300
 - 51s - loss: 0.2942 - acc: 0.8898 - val_loss: 0.1043 - val_acc: 0.9681
Epoch 109/300
 - 54s - loss: 0.2929 - acc: 0.8903 - val_loss: 0.1057 - val_acc: 0.9649
Epoch 110/300
 - 56s - loss: 0.2899 - acc: 0.8911 - val_loss: 0.0875 - val_acc: 0.9719
Epoch 111/300
 - 54s - loss: 0.2905 - acc: 0.8910 - val_loss: 0.0985 - val_acc: 0.9684
Epoch 112/300
 - 55s - loss: 0.2910 - acc: 0.8909 - val_loss: 0.2155 - val_acc: 0.9331
Epoch 113/300
 - 56s - loss: 0.2923 - acc: 0.8891 - val_loss: 0.0919 - val_acc: 0.9713
Epoch 114/300
 - 57s - loss: 0.2932 - acc: 0.8905 - val_loss: 0.0828 - val_acc: 0.9738
Epoch 115/300
 - 57s - loss: 0.2938 - acc: 0.8901 - val_loss: 0.1314 - val_acc: 0.9570
Epoch 116/300
 - 56s - loss: 0.2935 - acc: 0.8902 - val_loss: 0.1137 - val_acc: 0.9637
Epoch 117/300
 - 56s - loss: 0.2922 - acc: 0.8900 - val_loss: 0.1432 - val_acc: 0.9541
Epoch 118/300
 - 56s - loss: 0.2939 - acc: 0.8904 - val_loss: 0.0928 - val_acc: 0.9688
Epoch 119/300
 - 56s - loss: 0.2893 - acc: 0.8917 - val_loss: 0.1020 - val_acc: 0.9678
Epoch 120/300
 - 55s - loss: 0.2923 - acc: 0.8905 - val_loss: 0.1532 - val_acc: 0.9537
Epoch 121/300
 - 56s - loss: 0.2919 - acc: 0.8908 - val_loss: 0.1364 - val_acc: 0.9584
Epoch 122/300
 - 56s - loss: 0.2909 - acc: 0.8898 - val_loss: 0.1802 - val_acc: 0.9481
Epoch 123/300
 - 55s - loss: 0.2868 - acc: 0.8916 - val_loss: 0.1086 - val_acc: 0.9648
Epoch 124/300
 - 53s - loss: 0.2839 - acc: 0.8939 - val_loss: 0.1204 - val_acc: 0.9612
Epoch 125/300
 - 54s - loss: 0.2906 - acc: 0.8916 - val_loss: 0.0867 - val_acc: 0.9723
Epoch 126/300
 - 55s - loss: 0.2935 - acc: 0.8895 - val_loss: 0.1125 - val_acc: 0.9646
Epoch 127/300
 - 54s - loss: 0.2897 - acc: 0.8916 - val_loss: 0.2054 - val_acc: 0.9378
Epoch 128/300
 - 54s - loss: 0.2895 - acc: 0.8909 - val_loss: 0.0764 - val_acc: 0.9763
Epoch 129/300
 - 54s - loss: 0.2857 - acc: 0.8921 - val_loss: 0.1110 - val_acc: 0.9639
Epoch 130/300
 - 53s - loss: 0.2905 - acc: 0.8899 - val_loss: 0.1716 - val_acc: 0.9463
Epoch 131/300
 - 55s - loss: 0.2877 - acc: 0.8917 - val_loss: 0.1596 - val_acc: 0.9511
Epoch 132/300
 - 55s - loss: 0.2897 - acc: 0.8918 - val_loss: 0.1502 - val_acc: 0.9525
Epoch 133/300
 - 54s - loss: 0.2901 - acc: 0.8907 - val_loss: 0.1241 - val_acc: 0.9612
Epoch 134/300
 - 55s - loss: 0.2867 - acc: 0.8916 - val_loss: 0.1349 - val_acc: 0.9566
Epoch 135/300
 - 55s - loss: 0.2890 - acc: 0.8909 - val_loss: 0.0824 - val_acc: 0.9750
Epoch 136/300
 - 53s - loss: 0.2879 - acc: 0.8921 - val_loss: 0.1248 - val_acc: 0.9609
Epoch 137/300
 - 54s - loss: 0.2881 - acc: 0.8924 - val_loss: 0.1675 - val_acc: 0.9480
Epoch 138/300
 - 53s - loss: 0.2843 - acc: 0.8925 - val_loss: 0.1377 - val_acc: 0.9563
Epoch 139/300
 - 54s - loss: 0.2875 - acc: 0.8920 - val_loss: 0.2228 - val_acc: 0.9279
Epoch 140/300
 - 53s - loss: 0.2878 - acc: 0.8915 - val_loss: 0.1551 - val_acc: 0.9492
Epoch 141/300
 - 55s - loss: 0.2803 - acc: 0.8940 - val_loss: 0.1223 - val_acc: 0.9627
Epoch 142/300
 - 55s - loss: 0.2855 - acc: 0.8914 - val_loss: 0.0833 - val_acc: 0.9737
Epoch 143/300
 - 55s - loss: 0.2779 - acc: 0.8949 - val_loss: 0.0984 - val_acc: 0.9681
Epoch 144/300
 - 54s - loss: 0.2822 - acc: 0.8928 - val_loss: 0.2497 - val_acc: 0.9185
Epoch 145/300
 - 54s - loss: 0.2846 - acc: 0.8929 - val_loss: 0.0914 - val_acc: 0.9709
Epoch 146/300
 - 54s - loss: 0.2883 - acc: 0.8920 - val_loss: 0.1264 - val_acc: 0.9619
Epoch 147/300
 - 55s - loss: 0.2815 - acc: 0.8936 - val_loss: 0.0803 - val_acc: 0.9746
Epoch 148/300
 - 53s - loss: 0.2831 - acc: 0.8928 - val_loss: 0.0945 - val_acc: 0.9703
Epoch 149/300
 - 54s - loss: 0.2842 - acc: 0.8931 - val_loss: 0.1051 - val_acc: 0.9678
Epoch 150/300
 - 55s - loss: 0.2873 - acc: 0.8915 - val_loss: 0.1934 - val_acc: 0.9395
Epoch 151/300
 - 54s - loss: 0.2838 - acc: 0.8924 - val_loss: 0.0865 - val_acc: 0.9721
Epoch 152/300
 - 55s - loss: 0.2872 - acc: 0.8926 - val_loss: 0.1152 - val_acc: 0.9626
Epoch 153/300
 - 56s - loss: 0.2859 - acc: 0.8928 - val_loss: 0.0981 - val_acc: 0.9701
Epoch 154/300
 - 56s - loss: 0.2854 - acc: 0.8924 - val_loss: 0.0788 - val_acc: 0.9746
Epoch 155/300
 - 55s - loss: 0.2839 - acc: 0.8924 - val_loss: 0.0865 - val_acc: 0.9736
Epoch 156/300
 - 54s - loss: 0.2854 - acc: 0.8916 - val_loss: 0.2928 - val_acc: 0.9087
Epoch 157/300
 - 54s - loss: 0.2834 - acc: 0.8925 - val_loss: 0.0802 - val_acc: 0.9768
Epoch 158/300
 - 54s - loss: 0.2891 - acc: 0.8907 - val_loss: 0.0805 - val_acc: 0.9758
Epoch 159/300
 - 52s - loss: 0.2809 - acc: 0.8929 - val_loss: 0.0834 - val_acc: 0.9741
Epoch 160/300
 - 53s - loss: 0.2848 - acc: 0.8917 - val_loss: 0.1105 - val_acc: 0.9660
Epoch 161/300
 - 53s - loss: 0.2924 - acc: 0.8891 - val_loss: 0.1326 - val_acc: 0.9596
Epoch 162/300
 - 52s - loss: 0.2844 - acc: 0.8922 - val_loss: 0.1268 - val_acc: 0.9608
Epoch 163/300
 - 54s - loss: 0.2834 - acc: 0.8935 - val_loss: 0.1075 - val_acc: 0.9664
Epoch 164/300
 - 53s - loss: 0.2871 - acc: 0.8922 - val_loss: 0.1033 - val_acc: 0.9669
Epoch 165/300
 - 54s - loss: 0.2835 - acc: 0.8923 - val_loss: 0.0661 - val_acc: 0.9787
Epoch 166/300
 - 55s - loss: 0.2844 - acc: 0.8917 - val_loss: 0.1672 - val_acc: 0.9490
Epoch 167/300
 - 54s - loss: 0.2820 - acc: 0.8937 - val_loss: 0.0838 - val_acc: 0.9738
Epoch 168/300
 - 53s - loss: 0.2863 - acc: 0.8912 - val_loss: 0.0804 - val_acc: 0.9755
Epoch 169/300
 - 53s - loss: 0.2809 - acc: 0.8939 - val_loss: 0.1182 - val_acc: 0.9654
Epoch 170/300
 - 55s - loss: 0.2814 - acc: 0.8953 - val_loss: 0.0733 - val_acc: 0.9765
Epoch 171/300
 - 54s - loss: 0.2797 - acc: 0.8948 - val_loss: 0.1024 - val_acc: 0.9672
Epoch 172/300
 - 53s - loss: 0.2847 - acc: 0.8920 - val_loss: 0.1228 - val_acc: 0.9595
Epoch 173/300
 - 54s - loss: 0.2801 - acc: 0.8935 - val_loss: 0.0890 - val_acc: 0.9739
Epoch 174/300
 - 55s - loss: 0.2814 - acc: 0.8944 - val_loss: 0.1343 - val_acc: 0.9561
Epoch 175/300
 - 55s - loss: 0.2832 - acc: 0.8930 - val_loss: 0.1690 - val_acc: 0.9453
Epoch 176/300
 - 55s - loss: 0.2825 - acc: 0.8928 - val_loss: 0.0993 - val_acc: 0.9689
Epoch 177/300
 - 57s - loss: 0.2803 - acc: 0.8938 - val_loss: 0.0809 - val_acc: 0.9751
Epoch 178/300
 - 55s - loss: 0.2796 - acc: 0.8939 - val_loss: 0.2018 - val_acc: 0.9370
Epoch 179/300
 - 54s - loss: 0.2789 - acc: 0.8939 - val_loss: 0.0948 - val_acc: 0.9697
Epoch 180/300
 - 54s - loss: 0.2779 - acc: 0.8953 - val_loss: 0.0899 - val_acc: 0.9721
Epoch 181/300
 - 52s - loss: 0.2834 - acc: 0.8930 - val_loss: 0.1393 - val_acc: 0.9591
Epoch 182/300
 - 55s - loss: 0.2743 - acc: 0.8967 - val_loss: 0.1784 - val_acc: 0.9438
Epoch 183/300
 - 59s - loss: 0.2829 - acc: 0.8930 - val_loss: 0.0975 - val_acc: 0.9681
Epoch 184/300
 - 59s - loss: 0.2812 - acc: 0.8940 - val_loss: 0.0776 - val_acc: 0.9746
Epoch 185/300
 - 58s - loss: 0.2750 - acc: 0.8963 - val_loss: 0.0667 - val_acc: 0.9797
Epoch 186/300
 - 59s - loss: 0.2798 - acc: 0.8937 - val_loss: 0.0757 - val_acc: 0.9766
Epoch 187/300
 - 58s - loss: 0.2827 - acc: 0.8941 - val_loss: 0.0732 - val_acc: 0.9767
Epoch 188/300
 - 55s - loss: 0.2839 - acc: 0.8932 - val_loss: 0.2077 - val_acc: 0.9423
Epoch 189/300
 - 54s - loss: 0.2778 - acc: 0.8947 - val_loss: 0.1170 - val_acc: 0.9625
Epoch 190/300
 - 54s - loss: 0.2808 - acc: 0.8943 - val_loss: 0.0743 - val_acc: 0.9773
Epoch 191/300
 - 54s - loss: 0.2800 - acc: 0.8941 - val_loss: 0.0733 - val_acc: 0.9777
Epoch 192/300
 - 55s - loss: 0.2837 - acc: 0.8919 - val_loss: 0.0722 - val_acc: 0.9778
Epoch 193/300
 - 53s - loss: 0.2844 - acc: 0.8915 - val_loss: 0.0851 - val_acc: 0.9739
Epoch 194/300
 - 55s - loss: 0.2803 - acc: 0.8947 - val_loss: 0.1057 - val_acc: 0.9676
Epoch 195/300
 - 59s - loss: 0.2782 - acc: 0.8949 - val_loss: 0.0914 - val_acc: 0.9713
Epoch 196/300
 - 62s - loss: 0.2793 - acc: 0.8942 - val_loss: 0.2191 - val_acc: 0.9279
Epoch 197/300
 - 61s - loss: 0.2783 - acc: 0.8956 - val_loss: 0.2251 - val_acc: 0.9305
Epoch 198/300
 - 62s - loss: 0.2793 - acc: 0.8947 - val_loss: 0.1398 - val_acc: 0.9585
Epoch 199/300
 - 62s - loss: 0.2809 - acc: 0.8939 - val_loss: 0.4944 - val_acc: 0.8742
Epoch 200/300
 - 61s - loss: 0.2591 - acc: 0.9008 - val_loss: 0.0562 - val_acc: 0.9832
Epoch 201/300
 - 61s - loss: 0.2605 - acc: 0.9008 - val_loss: 0.0714 - val_acc: 0.9783
Epoch 202/300
 - 60s - loss: 0.2601 - acc: 0.9018 - val_loss: 0.0693 - val_acc: 0.9784
Epoch 203/300
 - 52s - loss: 0.2603 - acc: 0.9008 - val_loss: 0.0837 - val_acc: 0.9741
Epoch 204/300
 - 52s - loss: 0.2638 - acc: 0.8989 - val_loss: 0.0894 - val_acc: 0.9716
Epoch 205/300
 - 52s - loss: 0.2583 - acc: 0.9010 - val_loss: 0.0669 - val_acc: 0.9799
Epoch 206/300
 - 52s - loss: 0.2571 - acc: 0.9027 - val_loss: 0.0684 - val_acc: 0.9780
Epoch 207/300
 - 53s - loss: 0.2603 - acc: 0.9010 - val_loss: 0.0859 - val_acc: 0.9735
Epoch 208/300
 - 53s - loss: 0.2591 - acc: 0.9005 - val_loss: 0.0905 - val_acc: 0.9726
Epoch 209/300
 - 53s - loss: 0.2579 - acc: 0.9008 - val_loss: 0.0698 - val_acc: 0.9792
Epoch 210/300
 - 55s - loss: 0.2624 - acc: 0.9009 - val_loss: 0.0804 - val_acc: 0.9746
Epoch 211/300
 - 52s - loss: 0.2606 - acc: 0.9008 - val_loss: 0.0878 - val_acc: 0.9725
Epoch 212/300
 - 54s - loss: 0.2574 - acc: 0.9021 - val_loss: 0.0871 - val_acc: 0.9702
Epoch 213/300
 - 54s - loss: 0.2565 - acc: 0.9031 - val_loss: 0.0746 - val_acc: 0.9755
Epoch 214/300
 - 53s - loss: 0.2536 - acc: 0.9037 - val_loss: 0.1042 - val_acc: 0.9685
Epoch 215/300
 - 52s - loss: 0.2562 - acc: 0.9027 - val_loss: 0.0798 - val_acc: 0.9765
Epoch 216/300
 - 55s - loss: 0.2537 - acc: 0.9039 - val_loss: 0.1920 - val_acc: 0.9499
Epoch 217/300
 - 55s - loss: 0.2570 - acc: 0.9027 - val_loss: 0.0589 - val_acc: 0.9822
Epoch 218/300
 - 56s - loss: 0.2585 - acc: 0.9010 - val_loss: 0.0707 - val_acc: 0.9779
Epoch 219/300
 - 56s - loss: 0.2548 - acc: 0.9036 - val_loss: 0.0691 - val_acc: 0.9790
Epoch 220/300
 - 54s - loss: 0.2533 - acc: 0.9032 - val_loss: 0.0833 - val_acc: 0.9749
Epoch 221/300
 - 56s - loss: 0.2604 - acc: 0.8991 - val_loss: 0.0965 - val_acc: 0.9700
Epoch 222/300
 - 55s - loss: 0.2591 - acc: 0.9010 - val_loss: 0.0943 - val_acc: 0.9704
Epoch 223/300
 - 56s - loss: 0.2575 - acc: 0.9015 - val_loss: 0.0770 - val_acc: 0.9761
Epoch 224/300
 - 56s - loss: 0.2532 - acc: 0.9044 - val_loss: 0.0790 - val_acc: 0.9754
Epoch 225/300
 - 54s - loss: 0.2541 - acc: 0.9030 - val_loss: 0.0827 - val_acc: 0.9748
Epoch 226/300
 - 53s - loss: 0.2572 - acc: 0.9014 - val_loss: 0.0802 - val_acc: 0.9756
Epoch 227/300
 - 53s - loss: 0.2595 - acc: 0.9002 - val_loss: 0.0701 - val_acc: 0.9786
Epoch 228/300
 - 54s - loss: 0.2585 - acc: 0.9011 - val_loss: 0.0710 - val_acc: 0.9777
Epoch 229/300
 - 55s - loss: 0.2556 - acc: 0.9024 - val_loss: 0.0945 - val_acc: 0.9726
Epoch 230/300
 - 56s - loss: 0.2578 - acc: 0.9014 - val_loss: 0.0895 - val_acc: 0.9730
Epoch 231/300
 - 55s - loss: 0.2525 - acc: 0.9030 - val_loss: 0.0658 - val_acc: 0.9801
Epoch 232/300
 - 53s - loss: 0.2517 - acc: 0.9041 - val_loss: 0.0909 - val_acc: 0.9734
Epoch 233/300
 - 55s - loss: 0.2553 - acc: 0.9025 - val_loss: 0.1155 - val_acc: 0.9656
Epoch 234/300
 - 54s - loss: 0.2609 - acc: 0.9002 - val_loss: 0.1294 - val_acc: 0.9601
Epoch 235/300
 - 54s - loss: 0.2614 - acc: 0.9007 - val_loss: 0.0900 - val_acc: 0.9719
Epoch 236/300
 - 52s - loss: 0.2596 - acc: 0.9010 - val_loss: 0.0933 - val_acc: 0.9708
Epoch 237/300
 - 52s - loss: 0.2533 - acc: 0.9029 - val_loss: 0.0820 - val_acc: 0.9757
Epoch 238/300
 - 54s - loss: 0.2535 - acc: 0.9030 - val_loss: 0.1006 - val_acc: 0.9684
Epoch 239/300
 - 54s - loss: 0.2554 - acc: 0.9009 - val_loss: 0.1036 - val_acc: 0.9681
Epoch 240/300
 - 56s - loss: 0.2555 - acc: 0.9027 - val_loss: 0.0720 - val_acc: 0.9788
Epoch 241/300
 - 54s - loss: 0.2560 - acc: 0.9017 - val_loss: 0.0988 - val_acc: 0.9709
Epoch 242/300
 - 56s - loss: 0.2522 - acc: 0.9039 - val_loss: 0.0759 - val_acc: 0.9766
Epoch 243/300
 - 55s - loss: 0.2513 - acc: 0.9041 - val_loss: 0.0716 - val_acc: 0.9780
Epoch 244/300
 - 54s - loss: 0.2534 - acc: 0.9028 - val_loss: 0.0974 - val_acc: 0.9699
Epoch 245/300
 - 55s - loss: 0.2560 - acc: 0.9020 - val_loss: 0.1020 - val_acc: 0.9677
Epoch 246/300
 - 55s - loss: 0.2580 - acc: 0.9007 - val_loss: 0.1086 - val_acc: 0.9679
Epoch 247/300
 - 56s - loss: 0.2520 - acc: 0.9033 - val_loss: 0.0789 - val_acc: 0.9772
Epoch 248/300
 - 56s - loss: 0.2567 - acc: 0.9022 - val_loss: 0.1101 - val_acc: 0.9657
Epoch 249/300
 - 53s - loss: 0.2550 - acc: 0.9024 - val_loss: 0.0650 - val_acc: 0.9807
Epoch 250/300
 - 54s - loss: 0.2601 - acc: 0.9005 - val_loss: 0.0720 - val_acc: 0.9774
Epoch 251/300
 - 55s - loss: 0.2558 - acc: 0.9022 - val_loss: 0.0706 - val_acc: 0.9780
Epoch 252/300
 - 56s - loss: 0.2558 - acc: 0.9018 - val_loss: 0.0729 - val_acc: 0.9774
Epoch 253/300
 - 57s - loss: 0.2497 - acc: 0.9049 - val_loss: 0.0850 - val_acc: 0.9738
Epoch 254/300
 - 57s - loss: 0.2509 - acc: 0.9032 - val_loss: 0.0783 - val_acc: 0.9763
Epoch 255/300
 - 55s - loss: 0.2552 - acc: 0.9021 - val_loss: 0.0749 - val_acc: 0.9759
Epoch 256/300
 - 55s - loss: 0.2549 - acc: 0.9028 - val_loss: 0.1183 - val_acc: 0.9679
Epoch 257/300
 - 54s - loss: 0.2529 - acc: 0.9029 - val_loss: 0.0835 - val_acc: 0.9749
Epoch 258/300
 - 55s - loss: 0.2558 - acc: 0.9024 - val_loss: 0.1026 - val_acc: 0.9694
Epoch 259/300
 - 55s - loss: 0.2563 - acc: 0.9017 - val_loss: 0.0822 - val_acc: 0.9757
Epoch 260/300
 - 55s - loss: 0.2511 - acc: 0.9042 - val_loss: 0.0741 - val_acc: 0.9765
Epoch 261/300
 - 54s - loss: 0.2578 - acc: 0.9008 - val_loss: 0.0673 - val_acc: 0.9805
Epoch 262/300
 - 53s - loss: 0.2562 - acc: 0.9019 - val_loss: 0.0807 - val_acc: 0.9761
Epoch 263/300
 - 52s - loss: 0.2576 - acc: 0.9011 - val_loss: 0.0713 - val_acc: 0.9796
Epoch 264/300
 - 53s - loss: 0.2517 - acc: 0.9035 - val_loss: 0.1049 - val_acc: 0.9691
Epoch 265/300
 - 53s - loss: 0.2574 - acc: 0.9010 - val_loss: 0.0745 - val_acc: 0.9767
Epoch 266/300
 - 53s - loss: 0.2559 - acc: 0.9017 - val_loss: 0.0800 - val_acc: 0.9763
Epoch 267/300
 - 53s - loss: 0.2545 - acc: 0.9025 - val_loss: 0.0760 - val_acc: 0.9779
Epoch 268/300
 - 53s - loss: 0.2555 - acc: 0.9025 - val_loss: 0.0725 - val_acc: 0.9781
Epoch 269/300
 - 54s - loss: 0.2523 - acc: 0.9030 - val_loss: 0.0840 - val_acc: 0.9740
Epoch 270/300
 - 54s - loss: 0.2496 - acc: 0.9037 - val_loss: 0.0689 - val_acc: 0.9793
Epoch 271/300
 - 54s - loss: 0.2533 - acc: 0.9021 - val_loss: 0.0965 - val_acc: 0.9712
Epoch 272/300
 - 54s - loss: 0.2530 - acc: 0.9028 - val_loss: 0.0909 - val_acc: 0.9729
Epoch 273/300
 - 54s - loss: 0.2532 - acc: 0.9032 - val_loss: 0.0907 - val_acc: 0.9745
Epoch 274/300
 - 53s - loss: 0.2530 - acc: 0.9027 - val_loss: 0.1465 - val_acc: 0.9547
Epoch 275/300
 - 55s - loss: 0.2543 - acc: 0.9019 - val_loss: 0.0681 - val_acc: 0.9796
Epoch 276/300
 - 54s - loss: 0.2524 - acc: 0.9032 - val_loss: 0.0753 - val_acc: 0.9775
Epoch 277/300
 - 54s - loss: 0.2468 - acc: 0.9057 - val_loss: 0.1719 - val_acc: 0.9475
Epoch 278/300
 - 52s - loss: 0.2489 - acc: 0.9058 - val_loss: 0.0996 - val_acc: 0.9712
Epoch 279/300
 - 53s - loss: 0.2513 - acc: 0.9038 - val_loss: 0.0946 - val_acc: 0.9697
Epoch 280/300
 - 54s - loss: 0.2495 - acc: 0.9049 - val_loss: 0.0846 - val_acc: 0.9746
Epoch 281/300
 - 55s - loss: 0.2530 - acc: 0.9029 - val_loss: 0.0726 - val_acc: 0.9769
Epoch 282/300
 - 54s - loss: 0.2540 - acc: 0.9023 - val_loss: 0.0759 - val_acc: 0.9756
Epoch 283/300
 - 53s - loss: 0.2510 - acc: 0.9033 - val_loss: 0.0701 - val_acc: 0.9787
Epoch 284/300
 - 54s - loss: 0.2551 - acc: 0.9016 - val_loss: 0.0671 - val_acc: 0.9809
Epoch 285/300
 - 53s - loss: 0.2507 - acc: 0.9039 - val_loss: 0.0729 - val_acc: 0.9773
Epoch 286/300
 - 53s - loss: 0.2478 - acc: 0.9052 - val_loss: 0.0785 - val_acc: 0.9763
Epoch 287/300
 - 52s - loss: 0.2576 - acc: 0.9008 - val_loss: 0.0741 - val_acc: 0.9782
Epoch 288/300
 - 53s - loss: 0.2457 - acc: 0.9057 - val_loss: 0.0722 - val_acc: 0.9800
Epoch 289/300
 - 54s - loss: 0.2584 - acc: 0.9000 - val_loss: 0.0909 - val_acc: 0.9734
Epoch 290/300
 - 52s - loss: 0.2468 - acc: 0.9062 - val_loss: 0.0744 - val_acc: 0.9783
Epoch 291/300
 - 52s - loss: 0.2516 - acc: 0.9029 - val_loss: 0.1101 - val_acc: 0.9701
Epoch 292/300
 - 52s - loss: 0.2466 - acc: 0.9058 - val_loss: 0.1355 - val_acc: 0.9594
Epoch 293/300
 - 53s - loss: 0.2536 - acc: 0.9024 - val_loss: 0.0847 - val_acc: 0.9750
Epoch 294/300
 - 53s - loss: 0.2509 - acc: 0.9038 - val_loss: 0.0699 - val_acc: 0.9799
Epoch 295/300
 - 52s - loss: 0.2550 - acc: 0.9038 - val_loss: 0.1030 - val_acc: 0.9682
Epoch 296/300
 - 54s - loss: 0.2546 - acc: 0.9017 - val_loss: 0.0997 - val_acc: 0.9709
Epoch 297/300
 - 55s - loss: 0.2583 - acc: 0.9007 - val_loss: 0.0966 - val_acc: 0.9728
Epoch 298/300
 - 54s - loss: 0.2473 - acc: 0.9057 - val_loss: 0.0774 - val_acc: 0.9781
Epoch 299/300
 - 54s - loss: 0.2520 - acc: 0.9035 - val_loss: 0.0794 - val_acc: 0.9766
Epoch 300/300
 - 54s - loss: 0.2398 - acc: 0.9079 - val_loss: 0.0611 - val_acc: 0.9812

   32/10000 [..............................] - ETA: 37s
   64/10000 [..............................] - ETA: 36s
   96/10000 [..............................] - ETA: 36s
  128/10000 [..............................] - ETA: 36s
  160/10000 [..............................] - ETA: 35s
  192/10000 [..............................] - ETA: 35s
  224/10000 [..............................] - ETA: 35s
  256/10000 [..............................] - ETA: 35s
  288/10000 [..............................] - ETA: 35s
  320/10000 [..............................] - ETA: 35s
  352/10000 [>.............................] - ETA: 35s
  384/10000 [>.............................] - ETA: 35s
  416/10000 [>.............................] - ETA: 35s
  448/10000 [>.............................] - ETA: 35s
  480/10000 [>.............................] - ETA: 35s
  512/10000 [>.............................] - ETA: 34s
  544/10000 [>.............................] - ETA: 34s
  576/10000 [>.............................] - ETA: 34s
  608/10000 [>.............................] - ETA: 34s
  640/10000 [>.............................] - ETA: 34s
  672/10000 [=>............................] - ETA: 34s
  704/10000 [=>............................] - ETA: 34s
  736/10000 [=>............................] - ETA: 34s
  768/10000 [=>............................] - ETA: 34s
  800/10000 [=>............................] - ETA: 34s
  832/10000 [=>............................] - ETA: 33s
  864/10000 [=>............................] - ETA: 33s
  896/10000 [=>............................] - ETA: 33s
  928/10000 [=>............................] - ETA: 33s
  960/10000 [=>............................] - ETA: 33s
  992/10000 [=>............................] - ETA: 33s
 1024/10000 [==>...........................] - ETA: 33s
 1056/10000 [==>...........................] - ETA: 33s
 1088/10000 [==>...........................] - ETA: 32s
 1120/10000 [==>...........................] - ETA: 32s
 1152/10000 [==>...........................] - ETA: 32s
 1184/10000 [==>...........................] - ETA: 32s
 1216/10000 [==>...........................] - ETA: 32s
 1248/10000 [==>...........................] - ETA: 32s
 1280/10000 [==>...........................] - ETA: 32s
 1312/10000 [==>...........................] - ETA: 32s
 1344/10000 [===>..........................] - ETA: 32s
 1376/10000 [===>..........................] - ETA: 31s
 1408/10000 [===>..........................] - ETA: 31s
 1440/10000 [===>..........................] - ETA: 31s
 1472/10000 [===>..........................] - ETA: 31s
 1504/10000 [===>..........................] - ETA: 31s
 1536/10000 [===>..........................] - ETA: 31s
 1568/10000 [===>..........................] - ETA: 31s
 1600/10000 [===>..........................] - ETA: 31s
 1632/10000 [===>..........................] - ETA: 30s
 1664/10000 [===>..........................] - ETA: 30s
 1696/10000 [====>.........................] - ETA: 30s
 1728/10000 [====>.........................] - ETA: 30s
 1760/10000 [====>.........................] - ETA: 30s
 1792/10000 [====>.........................] - ETA: 30s
 1824/10000 [====>.........................] - ETA: 30s
 1856/10000 [====>.........................] - ETA: 30s
 1888/10000 [====>.........................] - ETA: 29s
 1920/10000 [====>.........................] - ETA: 29s
 1952/10000 [====>.........................] - ETA: 29s
 1984/10000 [====>.........................] - ETA: 29s
 2016/10000 [=====>........................] - ETA: 29s
 2048/10000 [=====>........................] - ETA: 29s
 2080/10000 [=====>........................] - ETA: 29s
 2112/10000 [=====>........................] - ETA: 28s
 2144/10000 [=====>........................] - ETA: 28s
 2176/10000 [=====>........................] - ETA: 28s
 2208/10000 [=====>........................] - ETA: 28s
 2240/10000 [=====>........................] - ETA: 28s
 2272/10000 [=====>........................] - ETA: 28s
 2304/10000 [=====>........................] - ETA: 28s
 2336/10000 [======>.......................] - ETA: 27s
 2368/10000 [======>.......................] - ETA: 27s
 2400/10000 [======>.......................] - ETA: 27s
 2432/10000 [======>.......................] - ETA: 27s
 2464/10000 [======>.......................] - ETA: 27s
 2496/10000 [======>.......................] - ETA: 27s
 2528/10000 [======>.......................] - ETA: 27s
 2560/10000 [======>.......................] - ETA: 26s
 2592/10000 [======>.......................] - ETA: 26s
 2624/10000 [======>.......................] - ETA: 26s
 2656/10000 [======>.......................] - ETA: 26s
 2688/10000 [=======>......................] - ETA: 26s
 2720/10000 [=======>......................] - ETA: 26s
 2752/10000 [=======>......................] - ETA: 26s
 2784/10000 [=======>......................] - ETA: 26s
 2816/10000 [=======>......................] - ETA: 25s
 2848/10000 [=======>......................] - ETA: 25s
 2880/10000 [=======>......................] - ETA: 25s
 2912/10000 [=======>......................] - ETA: 25s
 2944/10000 [=======>......................] - ETA: 25s
 2976/10000 [=======>......................] - ETA: 25s
 3008/10000 [========>.....................] - ETA: 25s
 3040/10000 [========>.....................] - ETA: 24s
 3072/10000 [========>.....................] - ETA: 24s
 3104/10000 [========>.....................] - ETA: 24s
 3136/10000 [========>.....................] - ETA: 24s
 3168/10000 [========>.....................] - ETA: 24s
 3200/10000 [========>.....................] - ETA: 24s
 3232/10000 [========>.....................] - ETA: 24s
 3264/10000 [========>.....................] - ETA: 24s
 3296/10000 [========>.....................] - ETA: 23s
 3328/10000 [========>.....................] - ETA: 23s
 3360/10000 [=========>....................] - ETA: 23s
 3392/10000 [=========>....................] - ETA: 23s
 3424/10000 [=========>....................] - ETA: 23s
 3456/10000 [=========>....................] - ETA: 23s
 3488/10000 [=========>....................] - ETA: 23s
 3520/10000 [=========>....................] - ETA: 23s
 3552/10000 [=========>....................] - ETA: 22s
 3584/10000 [=========>....................] - ETA: 22s
 3616/10000 [=========>....................] - ETA: 22s
 3648/10000 [=========>....................] - ETA: 22s
 3680/10000 [==========>...................] - ETA: 22s
 3712/10000 [==========>...................] - ETA: 22s
 3744/10000 [==========>...................] - ETA: 22s
 3776/10000 [==========>...................] - ETA: 22s
 3808/10000 [==========>...................] - ETA: 22s
 3840/10000 [==========>...................] - ETA: 21s
 3872/10000 [==========>...................] - ETA: 21s
 3904/10000 [==========>...................] - ETA: 21s
 3936/10000 [==========>...................] - ETA: 21s
 3968/10000 [==========>...................] - ETA: 21s
 4000/10000 [===========>..................] - ETA: 21s
 4032/10000 [===========>..................] - ETA: 21s
 4064/10000 [===========>..................] - ETA: 21s
 4096/10000 [===========>..................] - ETA: 20s
 4128/10000 [===========>..................] - ETA: 20s
 4160/10000 [===========>..................] - ETA: 20s
 4192/10000 [===========>..................] - ETA: 20s
 4224/10000 [===========>..................] - ETA: 20s
 4256/10000 [===========>..................] - ETA: 20s
 4288/10000 [===========>..................] - ETA: 20s
 4320/10000 [===========>..................] - ETA: 20s
 4352/10000 [============>.................] - ETA: 20s
 4384/10000 [============>.................] - ETA: 19s
 4416/10000 [============>.................] - ETA: 19s
 4448/10000 [============>.................] - ETA: 19s
 4480/10000 [============>.................] - ETA: 19s
 4512/10000 [============>.................] - ETA: 19s
 4544/10000 [============>.................] - ETA: 19s
 4576/10000 [============>.................] - ETA: 19s
 4608/10000 [============>.................] - ETA: 19s
 4640/10000 [============>.................] - ETA: 18s
 4672/10000 [=============>................] - ETA: 18s
 4704/10000 [=============>................] - ETA: 18s
 4736/10000 [=============>................] - ETA: 18s
 4768/10000 [=============>................] - ETA: 18s
 4800/10000 [=============>................] - ETA: 18s
 4832/10000 [=============>................] - ETA: 18s
 4864/10000 [=============>................] - ETA: 18s
 4896/10000 [=============>................] - ETA: 18s
 4928/10000 [=============>................] - ETA: 17s
 4960/10000 [=============>................] - ETA: 17s
 4992/10000 [=============>................] - ETA: 17s
 5024/10000 [==============>...............] - ETA: 17s
 5056/10000 [==============>...............] - ETA: 17s
 5088/10000 [==============>...............] - ETA: 17s
 5120/10000 [==============>...............] - ETA: 17s
 5152/10000 [==============>...............] - ETA: 17s
 5184/10000 [==============>...............] - ETA: 17s
 5216/10000 [==============>...............] - ETA: 16s
 5248/10000 [==============>...............] - ETA: 16s
 5280/10000 [==============>...............] - ETA: 16s
 5312/10000 [==============>...............] - ETA: 16s
 5344/10000 [===============>..............] - ETA: 16s
 5376/10000 [===============>..............] - ETA: 16s
 5408/10000 [===============>..............] - ETA: 16s
 5440/10000 [===============>..............] - ETA: 16s
 5472/10000 [===============>..............] - ETA: 16s
 5504/10000 [===============>..............] - ETA: 15s
 5536/10000 [===============>..............] - ETA: 15s
 5568/10000 [===============>..............] - ETA: 15s
 5600/10000 [===============>..............] - ETA: 15s
 5632/10000 [===============>..............] - ETA: 15s
 5664/10000 [===============>..............] - ETA: 15s
 5696/10000 [================>.............] - ETA: 15s
 5728/10000 [================>.............] - ETA: 15s
 5760/10000 [================>.............] - ETA: 15s
 5792/10000 [================>.............] - ETA: 14s
 5824/10000 [================>.............] - ETA: 14s
 5856/10000 [================>.............] - ETA: 14s
 5888/10000 [================>.............] - ETA: 14s
 5920/10000 [================>.............] - ETA: 14s
 5952/10000 [================>.............] - ETA: 14s
 5984/10000 [================>.............] - ETA: 14s
 6016/10000 [=================>............] - ETA: 14s
 6048/10000 [=================>............] - ETA: 14s
 6080/10000 [=================>............] - ETA: 13s
 6112/10000 [=================>............] - ETA: 13s
 6144/10000 [=================>............] - ETA: 13s
 6176/10000 [=================>............] - ETA: 13s
 6208/10000 [=================>............] - ETA: 13s
 6240/10000 [=================>............] - ETA: 13s
 6272/10000 [=================>............] - ETA: 13s
 6304/10000 [=================>............] - ETA: 13s
 6336/10000 [==================>...........] - ETA: 13s
 6368/10000 [==================>...........] - ETA: 12s
 6400/10000 [==================>...........] - ETA: 12s
 6432/10000 [==================>...........] - ETA: 12s
 6464/10000 [==================>...........] - ETA: 12s
 6496/10000 [==================>...........] - ETA: 12s
 6528/10000 [==================>...........] - ETA: 12s
 6560/10000 [==================>...........] - ETA: 12s
 6592/10000 [==================>...........] - ETA: 12s
 6624/10000 [==================>...........] - ETA: 12s
 6656/10000 [==================>...........] - ETA: 11s
 6688/10000 [===================>..........] - ETA: 11s
 6720/10000 [===================>..........] - ETA: 11s
 6752/10000 [===================>..........] - ETA: 11s
 6784/10000 [===================>..........] - ETA: 11s
 6816/10000 [===================>..........] - ETA: 11s
 6848/10000 [===================>..........] - ETA: 11s
 6880/10000 [===================>..........] - ETA: 11s
 6912/10000 [===================>..........] - ETA: 11s
 6944/10000 [===================>..........] - ETA: 10s
 6976/10000 [===================>..........] - ETA: 10s
 7008/10000 [====================>.........] - ETA: 10s
 7040/10000 [====================>.........] - ETA: 10s
 7072/10000 [====================>.........] - ETA: 10s
 7104/10000 [====================>.........] - ETA: 10s
 7136/10000 [====================>.........] - ETA: 10s
 7168/10000 [====================>.........] - ETA: 10s
 7200/10000 [====================>.........] - ETA: 9s 
 7232/10000 [====================>.........] - ETA: 9s
 7264/10000 [====================>.........] - ETA: 9s
 7296/10000 [====================>.........] - ETA: 9s
 7328/10000 [====================>.........] - ETA: 9s
 7360/10000 [=====================>........] - ETA: 9s
 7392/10000 [=====================>........] - ETA: 9s
 7424/10000 [=====================>........] - ETA: 9s
 7456/10000 [=====================>........] - ETA: 9s
 7488/10000 [=====================>........] - ETA: 8s
 7520/10000 [=====================>........] - ETA: 8s
 7552/10000 [=====================>........] - ETA: 8s
 7584/10000 [=====================>........] - ETA: 8s
 7616/10000 [=====================>........] - ETA: 8s
 7648/10000 [=====================>........] - ETA: 8s
 7680/10000 [======================>.......] - ETA: 8s
 7712/10000 [======================>.......] - ETA: 8s
 7744/10000 [======================>.......] - ETA: 8s
 7776/10000 [======================>.......] - ETA: 7s
 7808/10000 [======================>.......] - ETA: 7s
 7840/10000 [======================>.......] - ETA: 7s
 7872/10000 [======================>.......] - ETA: 7s
 7904/10000 [======================>.......] - ETA: 7s
 7936/10000 [======================>.......] - ETA: 7s
 7968/10000 [======================>.......] - ETA: 7s
 8000/10000 [=======================>......] - ETA: 7s
 8032/10000 [=======================>......] - ETA: 6s
 8064/10000 [=======================>......] - ETA: 6s
 8096/10000 [=======================>......] - ETA: 6s
 8128/10000 [=======================>......] - ETA: 6s
 8160/10000 [=======================>......] - ETA: 6s
 8192/10000 [=======================>......] - ETA: 6s
 8224/10000 [=======================>......] - ETA: 6s
 8256/10000 [=======================>......] - ETA: 6s
 8288/10000 [=======================>......] - ETA: 6s
 8320/10000 [=======================>......] - ETA: 5s
 8352/10000 [========================>.....] - ETA: 5s
 8384/10000 [========================>.....] - ETA: 5s
 8416/10000 [========================>.....] - ETA: 5s
 8448/10000 [========================>.....] - ETA: 5s
 8480/10000 [========================>.....] - ETA: 5s
 8512/10000 [========================>.....] - ETA: 5s
 8544/10000 [========================>.....] - ETA: 5s
 8576/10000 [========================>.....] - ETA: 5s
 8608/10000 [========================>.....] - ETA: 4s
 8640/10000 [========================>.....] - ETA: 4s
 8672/10000 [=========================>....] - ETA: 4s
 8704/10000 [=========================>....] - ETA: 4s
 8736/10000 [=========================>....] - ETA: 4s
 8768/10000 [=========================>....] - ETA: 4s
 8800/10000 [=========================>....] - ETA: 4s
 8832/10000 [=========================>....] - ETA: 4s
 8864/10000 [=========================>....] - ETA: 4s
 8896/10000 [=========================>....] - ETA: 3s
 8928/10000 [=========================>....] - ETA: 3s
 8960/10000 [=========================>....] - ETA: 3s
 8992/10000 [=========================>....] - ETA: 3s
 9024/10000 [==========================>...] - ETA: 3s
 9056/10000 [==========================>...] - ETA: 3s
 9088/10000 [==========================>...] - ETA: 3s
 9120/10000 [==========================>...] - ETA: 3s
 9152/10000 [==========================>...] - ETA: 2s
 9184/10000 [==========================>...] - ETA: 2s
 9216/10000 [==========================>...] - ETA: 2s
 9248/10000 [==========================>...] - ETA: 2s
 9280/10000 [==========================>...] - ETA: 2s
 9312/10000 [==========================>...] - ETA: 2s
 9344/10000 [===========================>..] - ETA: 2s
 9376/10000 [===========================>..] - ETA: 2s
 9408/10000 [===========================>..] - ETA: 2s
 9440/10000 [===========================>..] - ETA: 1s
 9472/10000 [===========================>..] - ETA: 1s
 9504/10000 [===========================>..] - ETA: 1s
 9536/10000 [===========================>..] - ETA: 1s
 9568/10000 [===========================>..] - ETA: 1s
 9600/10000 [===========================>..] - ETA: 1s
 9632/10000 [===========================>..] - ETA: 1s
 9664/10000 [===========================>..] - ETA: 1s
 9696/10000 [============================>.] - ETA: 1s
 9728/10000 [============================>.] - ETA: 0s
 9760/10000 [============================>.] - ETA: 0s
 9792/10000 [============================>.] - ETA: 0s
 9824/10000 [============================>.] - ETA: 0s
 9856/10000 [============================>.] - ETA: 0s
 9888/10000 [============================>.] - ETA: 0s
 9920/10000 [============================>.] - ETA: 0s
 9952/10000 [============================>.] - ETA: 0s
 9984/10000 [============================>.] - ETA: 0s
10000/10000 [==============================] - 35s 4ms/step
EVALUATION: [0.06110767257744446, 0.9811999797821045]
